This is pdfTeX, Version 3.14159265-2.6-1.40.18 (TeX Live 2017/Debian) (preloaded format=latex 2018.10.13)  8 APR 2019 16:15
entering extended mode
 restricted \write18 enabled.
 %&-line parsing enabled.
**./images.tex
(./images.tex
LaTeX2e <2017-04-15>
Babel <3.18> and hyphenation patterns for 3 language(s) loaded.

(/usr/share/texlive/texmf-dist/tex/latex/base/article.cls
Document Class: article 2014/09/29 v1.4h Standard LaTeX document class
(/usr/share/texlive/texmf-dist/tex/latex/base/size12.clo
File: size12.clo 2014/09/29 v1.4h Standard LaTeX file (size option)
)
\c@part=\count79
\c@section=\count80
\c@subsection=\count81
\c@subsubsection=\count82
\c@paragraph=\count83
\c@subparagraph=\count84
\c@figure=\count85
\c@table=\count86
\abovecaptionskip=\skip41
\belowcaptionskip=\skip42
\bibindent=\dimen102
) (/usr/share/texlive/texmf-dist/tex/latex/base/ifthen.sty
Package: ifthen 2014/09/29 v1.1c Standard LaTeX ifthen package (DPC)
) (/usr/share/texlive/texmf-dist/tex/latex/amsfonts/amssymb.sty
Package: amssymb 2013/01/14 v3.01 AMS font symbols
(/usr/share/texlive/texmf-dist/tex/latex/amsfonts/amsfonts.sty
Package: amsfonts 2013/01/14 v3.01 Basic AMSFonts support
\@emptytoks=\toks14
\symAMSa=\mathgroup4
\symAMSb=\mathgroup5
LaTeX Font Info:    Overwriting math alphabet `\mathfrak' in version `bold'
(Font)                  U/euf/m/n --> U/euf/b/n on input line 106.
)) (/usr/share/texlive/texmf-dist/tex/latex/graphics/graphicx.sty
Package: graphicx 2017/06/01 v1.1a Enhanced LaTeX Graphics (DPC,SPQR)
(/usr/share/texlive/texmf-dist/tex/latex/graphics/keyval.sty
Package: keyval 2014/10/28 v1.15 key=value parser (DPC)
\KV@toks@=\toks15
) (/usr/share/texlive/texmf-dist/tex/latex/graphics/graphics.sty
Package: graphics 2017/06/25 v1.2c Standard LaTeX Graphics (DPC,SPQR)
(/usr/share/texlive/texmf-dist/tex/latex/graphics/trig.sty
Package: trig 2016/01/03 v1.10 sin cos tan (DPC)
) (/usr/share/texlive/texmf-dist/tex/latex/graphics-cfg/graphics.cfg
File: graphics.cfg 2016/06/04 v1.11 sample graphics configuration
)
Package graphics Info: Driver file: dvips.def on input line 99.
(/usr/share/texlive/texmf-dist/tex/latex/graphics-def/dvips.def
File: dvips.def 2017/06/20 v3.1d Graphics/color driver for dvips
))
\Gin@req@height=\dimen103
\Gin@req@width=\dimen104
) (/usr/share/texlive/texmf-dist/tex/latex/xcolor/xcolor.sty
Package: xcolor 2016/05/11 v2.12 LaTeX color extensions (UK)
(/usr/share/texlive/texmf-dist/tex/latex/graphics-cfg/color.cfg
File: color.cfg 2016/01/02 v1.6 sample color configuration
)
Package xcolor Info: Driver file: dvips.def on input line 225.
Package xcolor Info: Model `cmy' substituted by `cmy0' on input line 1348.
Package xcolor Info: Model `RGB' extended on input line 1364.
Package xcolor Info: Model `HTML' substituted by `rgb' on input line 1366.
Package xcolor Info: Model `Hsb' substituted by `hsb' on input line 1367.
Package xcolor Info: Model `tHsb' substituted by `hsb' on input line 1368.
Package xcolor Info: Model `HSB' substituted by `hsb' on input line 1369.
Package xcolor Info: Model `Gray' substituted by `gray' on input line 1370.
Package xcolor Info: Model `wave' substituted by `hsb' on input line 1371.
) (/usr/share/texlive/texmf-dist/tex/latex/base/inputenc.sty
Package: inputenc 2015/03/17 v1.2c Input encoding file
\inpenc@prehook=\toks16
\inpenc@posthook=\toks17
(/usr/share/texlive/texmf-dist/tex/latex/base/latin1.def
File: latin1.def 2015/03/17 v1.2c Input encoding file
))
\sizebox=\box26
\lthtmlwrite=\write3
No file images.aux.
\openout1 = `images.aux'.

LaTeX Font Info:    Checking defaults for OML/cmm/m/it on input line 134.
LaTeX Font Info:    ... okay on input line 134.
LaTeX Font Info:    Checking defaults for T1/cmr/m/n on input line 134.
LaTeX Font Info:    ... okay on input line 134.
LaTeX Font Info:    Checking defaults for OT1/cmr/m/n on input line 134.
LaTeX Font Info:    ... okay on input line 134.
LaTeX Font Info:    Checking defaults for OMS/cmsy/m/n on input line 134.
LaTeX Font Info:    ... okay on input line 134.
LaTeX Font Info:    Checking defaults for OMX/cmex/m/n on input line 134.
LaTeX Font Info:    ... okay on input line 134.
LaTeX Font Info:    Checking defaults for U/cmr/m/n on input line 134.
LaTeX Font Info:    ... okay on input line 134.

latex2htmlLength hsize=349.0pt

latex2htmlLength vsize=707.18701pt

latex2htmlLength hoffset=0.0pt

latex2htmlLength voffset=0.0pt

latex2htmlLength topmargin=0.0pt

latex2htmlLength topskip=0.00003pt

latex2htmlLength headheight=0.0pt

latex2htmlLength headsep=0.0pt

latex2htmlLength parskip=0.0pt plus 1.0pt

latex2htmlLength oddsidemargin=14.22636pt

latex2htmlLength evensidemargin=14.22636pt

LaTeX Font Info:    Try loading font information for U+msa on input line 158.
(/usr/share/texlive/texmf-dist/tex/latex/amsfonts/umsa.fd
File: umsa.fd 2013/01/14 v3.01 AMS symbols A
)
LaTeX Font Info:    Try loading font information for U+msb on input line 158.
(/usr/share/texlive/texmf-dist/tex/latex/amsfonts/umsb.fd
File: umsb.fd 2013/01/14 v3.01 AMS symbols B
)
l2hSize :tex2html_wrap_inline1495:7.75pt::0.0pt::9.92088pt.
[1



]
l2hSize :tex2html_wrap_inline1518:8.25pt::8.25pt::6.64789pt.
[2


]
l2hSize :tex2html_wrap_inline1519:7.75pt::0.0pt::12.58755pt.
[3


]
l2hSize :tex2html_wrap_inline1523:7.75pt::0.0pt::8.13745pt.
[4


]
l2hSize :tex2html_wrap_inline1526:7.75pt::0.0pt::12.58755pt.
[5


]
l2hSize :tex2html_wrap_inline1606:8.25pt::8.25pt::9.92088pt.
[6


]
l2hSize :tex2html_wrap_inline1610:8.25pt::8.25pt::10.82942pt.
[7


]
l2hSize :tex2html_wrap_inline1612:8.25pt::8.25pt::11.57387pt.
[8


]
l2hSize :tex2html_wrap_inline1615:7.75pt::0.0pt::9.92088pt.
[9


]

! LaTeX Error: Cannot determine size of graphic in pseudo-gen-fig1.pdf (no Boun
dingBox).

See the LaTeX manual or LaTeX Companion for explanation.
Type  H <return>  for immediate help.
 ...                                              
                                                  
l.231 ...raphics[width=7.5cm]{pseudo-gen-fig1.pdf}
                                                  %
Try typing  <return>  to proceed.
If that doesn't work, type  X <return>  to quit.

File: pseudo-gen-fig1.pdf Graphic file (type eps)
<pseudo-gen-fig1.pdf>
l2hSize :tex2html_wrap1745:213.40797pt::0.0pt::349.0pt.
[10


]

! LaTeX Error: Cannot determine size of graphic in pseudo-gen-fig2.pdf (no Boun
dingBox).

See the LaTeX manual or LaTeX Companion for explanation.
Type  H <return>  for immediate help.
 ...                                              
                                                  
l.237 ...raphics[width=7.5cm]{pseudo-gen-fig2.pdf}
                                                  %
Try typing  <return>  to proceed.
If that doesn't work, type  X <return>  to quit.

File: pseudo-gen-fig2.pdf Graphic file (type eps)
<pseudo-gen-fig2.pdf>
l2hSize :tex2html_wrap1746:213.40797pt::0.0pt::349.0pt.
[11


]
l2hSize :tex2html_wrap_inline1756:8.33331pt::0.0pt::6.2416pt.
[12


]

! LaTeX Error: Cannot determine size of graphic in pseudo-gen-fig3.pdf (no Boun
dingBox).

See the LaTeX manual or LaTeX Companion for explanation.
Type  H <return>  for immediate help.
 ...                                              
                                                  
l.250 ...raphics[width=7.5cm]{pseudo-gen-fig3.pdf}
                                                  %
Try typing  <return>  to proceed.
If that doesn't work, type  X <return>  to quit.

File: pseudo-gen-fig3.pdf Graphic file (type eps)
<pseudo-gen-fig3.pdf>
l2hSize :tex2html_wrap1774:213.40797pt::0.0pt::349.0pt.
[13


]

! LaTeX Error: Cannot determine size of graphic in pseudo-gen-fig4.pdf (no Boun
dingBox).

See the LaTeX manual or LaTeX Companion for explanation.
Type  H <return>  for immediate help.
 ...                                              
                                                  
l.256 ...raphics[width=7.5cm]{pseudo-gen-fig4.pdf}
                                                  %
Try typing  <return>  to proceed.
If that doesn't work, type  X <return>  to quit.

File: pseudo-gen-fig4.pdf Graphic file (type eps)
<pseudo-gen-fig4.pdf>
l2hSize :tex2html_wrap1775:213.40797pt::0.0pt::349.0pt.
[14


]
l2hSize :tex2html_wrap_indisplay1807:18.12836pt::18.12836pt::10.6209pt.
[15


]
l2hSize :tex2html_wrap_indisplay1808:18.12836pt::18.12836pt::19.14012pt.
[16


]
l2hSize :tex2html_wrap_indisplay1809:10.61026pt::10.61026pt::15.33762pt.
[17


]
l2hSize :tex2html_wrap_indisplay1810:8.25pt::8.25pt::5.33192pt.
[18


]
l2hSize :tex2html_wrap_indisplay1811:18.12836pt::18.12836pt::10.6209pt.
[19


]
l2hSize :tex2html_wrap_indisplay1812:8.83331pt::8.83331pt::8.65688pt.
[20


]
l2hSize :tex2html_wrap_indisplay1813:8.25pt::8.25pt::6.10143pt.
[21


]
l2hSize :tex2html_wrap_indisplay1817:17.90013pt::17.90013pt::10.6209pt.
[22


]
l2hSize :tex2html_wrap_indisplay1818:17.61809pt::17.61809pt::34.98073pt.
[23


]
l2hSize :tex2html_wrap_indisplay1819:17.90013pt::17.90013pt::10.6209pt.
[24


]
l2hSize :tex2html_wrap_indisplay1820:8.99995pt::8.99995pt::6.10143pt.
[25


]
l2hSize :tex2html_wrap_indisplay1826:18.12836pt::18.12836pt::10.6209pt.
[26


]
l2hSize :tex2html_wrap_indisplay1828:16.35141pt::16.35141pt::8.86246pt.
[27


]
l2hSize :tex2html_wrap_indisplay1829:18.12836pt::18.12836pt::45.83629pt.
[28


]
l2hSize :tex2html_wrap_indisplay1832:18.12836pt::18.12836pt::10.6209pt.
[29


]
l2hSize :tex2html_wrap_indisplay1836:18.12836pt::18.12836pt::10.6209pt.
[30


]
l2hSize :tex2html_wrap_indisplay1837:16.35141pt::16.35141pt::23.21577pt.
[31


]
l2hSize :tex2html_wrap_indisplay1838:16.9514pt::16.9514pt::15.645pt.
[32


]
l2hSize :tex2html_wrap_indisplay1839:17.90013pt::17.90013pt::10.6209pt.
[33


]
l2hSize :tex2html_wrap_indisplay1840:8.83331pt::8.83331pt::6.38954pt.
[34


]
l2hSize :tex2html_wrap_indisplay1841:17.61809pt::17.61809pt::41.96355pt.
[35


]
l2hSize :tex2html_wrap_indisplay1842:17.90013pt::17.90013pt::10.6209pt.
[36


]
l2hSize :tex2html_wrap_indisplay1843:16.35141pt::16.35141pt::27.96584pt.
[37


]
l2hSize :tex2html_wrap_indisplay1844:18.12836pt::18.12836pt::46.71361pt.
[38


]
l2hSize :tex2html_wrap_indisplay1845:18.12836pt::18.12836pt::10.6209pt.
[39


]
l2hSize :tex2html_wrap_indisplay1846:16.35141pt::16.35141pt::13.35905pt.
[40


]
l2hSize :tex2html_wrap_inline1848:8.49995pt::0.0pt::6.10143pt.
[41


]
l2hSize :tex2html_wrap_indisplay1865:18.12836pt::18.12836pt::10.6209pt.
[42


]
l2hSize :tex2html_wrap_indisplay1867:17.61809pt::17.61809pt::40.00104pt.
[43


]
l2hSize :tex2html_wrap_indisplay1869:18.12836pt::18.12836pt::10.6209pt.
[44


]
l2hSize :tex2html_wrap_indisplay1871:16.70006pt::16.70006pt::17.9209pt.
[45


]
l2hSize :tex2html_wrap_indisplay1872:8.7pt::8.7pt::18.01575pt.
[46


]
l2hSize :tex2html_wrap_indisplay1873:17.90015pt::17.90015pt::5.78752pt.
[47


]
l2hSize :tex2html_wrap_indisplay1875:8.83331pt::8.83331pt::6.209pt.
[48


]
l2hSize :tex2html_wrap_indisplay1876:19.88904pt::19.88904pt::10.53758pt.
[49


]
l2hSize :tex2html_wrap_indisplay1877:16.70006pt::16.70006pt::17.9209pt.
[50


]
l2hSize :tex2html_wrap_indisplay1879:18.12836pt::18.12836pt::34.98073pt.
[51


]
l2hSize :tex2html_wrap_inline1881:8.7pt::8.7pt::18.01575pt.
[52


]
l2hSize :tex2html_wrap_inline1884:8.25pt::8.25pt::9.92088pt.
[53


]
l2hSize :tex2html_wrap_inline1888:8.33331pt::0.0pt::6.38954pt.
[54


]
l2hSize :tex2html_wrap_inline1889:8.83331pt::8.83331pt::7.5416pt.
[55


]
l2hSize :tex2html_wrap_indisplay1891:8.69998pt::8.69998pt::10.58755pt.
[56


]
l2hSize :tex2html_wrap_indisplay1893:17.90013pt::17.90013pt::10.6209pt.
[57


]
l2hSize :tex2html_wrap_indisplay1894:16.9514pt::16.9514pt::17.91234pt.
[58


]
l2hSize :tex2html_wrap_indisplay1896:16.9514pt::16.9514pt::17.91234pt.
[59


]
l2hSize :tex2html_wrap_indisplay1897:16.35141pt::16.35141pt::28.83725pt.
[60


]
l2hSize :tex2html_wrap_indisplay1898:16.9514pt::16.9514pt::17.91234pt.
[61


]
l2hSize :tex2html_wrap_indisplay1899:17.90013pt::17.90013pt::10.6209pt.
[62


]
l2hSize :tex2html_wrap_indisplay1904:18.12836pt::18.12836pt::20.21452pt.
[63


]
l2hSize :tex2html_wrap_indisplay1906:16.35141pt::16.35141pt::33.58731pt.
[64


]
l2hSize :tex2html_wrap_indisplay1908:17.90013pt::17.90013pt::10.6209pt.
[65


]
l2hSize :tex2html_wrap_indisplay1911:17.90013pt::17.90013pt::10.6209pt.
[66


]
l2hSize :tex2html_wrap_indisplay1912:16.35141pt::16.35141pt::38.33737pt.
[67


]
l2hSize :tex2html_wrap_indisplay1913:18.12836pt::18.12836pt::22.6624pt.
[68


]
l2hSize :tex2html_wrap_indisplay1919:17.90013pt::17.90013pt::10.6209pt.
[69


]
l2hSize :tex2html_wrap_indisplay1920:16.9514pt::16.9514pt::14.7145pt.
[70


]
l2hSize :tex2html_wrap_indisplay1921:13.78476pt::13.78476pt::9.75134pt.
[71


]
l2hSize :tex2html_wrap_indisplay1922:17.90013pt::17.90013pt::10.6209pt.
[72


]
l2hSize :tex2html_wrap_indisplay1925:10.70006pt::10.70006pt::7.28755pt.
[73


]
l2hSize :tex2html_wrap_indisplay1927:10.70006pt::10.70006pt::7.28755pt.
[74


]
l2hSize :tex2html_wrap_indisplay1929:17.90013pt::17.90013pt::10.6209pt.
[75


]
l2hSize :tex2html_wrap_indisplay1932:17.90013pt::17.90013pt::10.6209pt.
[76


]
l2hSize :tex2html_wrap_indisplay1935:9.5pt::9.5pt::6.35692pt.
[77


]
l2hSize :tex2html_wrap_indisplay1937:9.5pt::9.5pt::6.35692pt.
[78


]
l2hSize :tex2html_wrap_inline1943:7.75pt::0.0pt::7.35135pt.
[79


]
l2hSize :tex2html_wrap_indisplay1950:17.4112pt::17.4112pt::17.9209pt.
[80


]
l2hSize :tex2html_wrap_indisplay1951:8.7pt::8.7pt::21.91434pt.
[81


]
l2hSize :tex2html_wrap_indisplay1952:19.36653pt::19.36653pt::87.52599pt.
[82


]
l2hSize :tex2html_wrap_inline1955:8.26666pt::0.0pt::7.07088pt.
[83


]
l2hSize :tex2html_wrap_indisplay1959:17.90013pt::17.90013pt::10.6209pt.
[84


]
l2hSize :tex2html_wrap_indisplay1961:9.5pt::9.5pt::6.35692pt.
[85


]
l2hSize :tex2html_wrap_indisplay1963:9.5pt::9.5pt::6.35692pt.
[86


]
l2hSize :tex2html_wrap_indisplay1964:17.90013pt::17.90013pt::10.6209pt.
[87


]
l2hSize :tex2html_wrap_indisplay1966:18.12836pt::18.12836pt::36.24348pt.
[88


]
l2hSize :tex2html_wrap_indisplay1967:17.61809pt::17.61809pt::33.3143pt.
[89


]
l2hSize :tex2html_wrap_indisplay1968:17.90013pt::17.90013pt::10.6209pt.
[90


]
l2hSize :tex2html_wrap_indisplay1969:17.61809pt::17.61809pt::41.08623pt.
[91


]
l2hSize :tex2html_wrap_indisplay1970:9.5pt::9.5pt::5.2542pt.
[92


]
l2hSize :tex2html_wrap_indisplay1971:8.25pt::8.25pt::7.35135pt.
[93


]
l2hSize :tex2html_wrap_indisplay1972:9.5pt::9.5pt::5.2542pt.
[94


]
l2hSize :tex2html_wrap_indisplay1974:17.90013pt::17.90013pt::10.6209pt.
[95


]
l2hSize :tex2html_wrap_inline1978:9.5pt::9.5pt::5.2542pt.
[96


]
l2hSize :tex2html_wrap_inline1980:9.5pt::9.5pt::5.2542pt.
[97


]
l2hSize :tex2html_wrap_indisplay1985:18.12836pt::18.12836pt::15.2875pt.
[98


]
l2hSize :tex2html_wrap_inline1995:8.2pt::0.0pt::10.37909pt.
[99


]
l2hSize :tex2html_wrap_indisplay1997:17.11124pt::17.11124pt::21.58768pt.
[100


]
l2hSize :tex2html_wrap_indisplay2000:17.61809pt::17.61809pt::28.96783pt.
[101


]
l2hSize :tex2html_wrap_indisplay2002:17.61809pt::17.61809pt::30.02339pt.
[102


]
l2hSize :tex2html_wrap_indisplay2003:18.12836pt::18.12836pt::35.67621pt.
[103


]
l2hSize :tex2html_wrap_indisplay2004:16.35141pt::16.35141pt::13.35905pt.
[104


]
l2hSize :tex2html_wrap_indisplay2007:18.12836pt::18.12836pt::36.73177pt.
[105


]
l2hSize :tex2html_wrap_inline2010:7.75pt::0.0pt::5.33192pt.
[106


]
l2hSize :tex2html_wrap_inline2014:9.5pt::9.5pt::6.35692pt.
[107


]
l2hSize :tex2html_wrap_inline2016:9.5pt::9.5pt::6.35692pt.
[108


]
l2hSize :tex2html_wrap_indisplay2020:18.12836pt::18.12836pt::46.89185pt.
[109


]
l2hSize :tex2html_wrap_indisplay2024:17.61809pt::17.61809pt::42.14178pt.
[110


]
l2hSize :tex2html_wrap_indisplay2034:17.90013pt::17.90013pt::10.6209pt.
[111


]
l2hSize :tex2html_wrap_indisplay2041:17.90013pt::17.90013pt::10.6209pt.
[112


]
l2hSize :tex2html_wrap_indisplay2049:8.25pt::8.25pt::9.92088pt.
[113


]
l2hSize :tex2html_wrap_indisplay2050:8.25pt::8.25pt::5.43777pt.
[114


]
l2hSize :tex2html_wrap_indisplay2051:8.25pt::8.25pt::7.33496pt.
[115


]
l2hSize :tex2html_wrap_indisplay2052:20.06004pt::20.06004pt::204.22827pt.
[116


]
l2hSize :tex2html_wrap_indisplay2061:20.94926pt::20.94926pt::119.2442pt.
[117


]
l2hSize :tex2html_wrap_indisplay2066:18.41815pt::18.41815pt::48.19743pt.
[118


]
l2hSize :tex2html_wrap_indisplay2067:18.41815pt::18.41815pt::48.19743pt.
[119


]
l2hSize :tex2html_wrap_indisplay2068:8.83333pt::8.83333pt::9.72632pt.
[120


]
l2hSize :tex2html_wrap_indisplay2073:20.3181pt::20.3181pt::45.83629pt.
[121


]
l2hSize :tex2html_wrap_indisplay2074:8.83331pt::8.83331pt::6.2416pt.
[122


]
l2hSize :tex2html_wrap_indisplay2081:8.7pt::8.7pt::10.37909pt.
[123


]
l2hSize :tex2html_wrap_indisplay2083:16.81808pt::16.81808pt::38.22383pt.
[124


]
l2hSize :tex2html_wrap_indisplay2087:8.25pt::8.25pt::13.62135pt.
[125


]
l2hSize :tex2html_wrap_indisplay2100:8.25pt::8.25pt::9.92088pt.
[126


]
l2hSize :tex2html_wrap_indisplay2104:8.25pt::8.25pt::9.92088pt.
[127


]
l2hSize :tex2html_wrap_indisplay2107:16.83347pt::16.83347pt::26.12778pt.
[128


]
l2hSize :tex2html_wrap_indisplay2110:17.61809pt::17.61809pt::51.11757pt.
[129


]
l2hSize :tex2html_wrap_indisplay2111:17.61809pt::17.61809pt::42.4082pt.
[130


]
l2hSize :tex2html_wrap_inline2113:7.75pt::0.0pt::6.58754pt.
[131


]
l2hSize :tex2html_wrap_indisplay2116:17.61809pt::17.61809pt::30.64523pt.
[132


]
l2hSize :tex2html_wrap_indisplay2120:17.61809pt::17.61809pt::41.60495pt.
[133


]
l2hSize :tex2html_wrap_indisplay2121:16.9514pt::16.9514pt::27.09837pt.
[134


]
l2hSize :tex2html_wrap_indisplay2123:17.61809pt::17.61809pt::36.75073pt.
[135


]
l2hSize :tex2html_wrap_indisplay2124:16.35141pt::16.35141pt::39.3546pt.
[136


]
l2hSize :tex2html_wrap_indisplay2125:16.9514pt::16.9514pt::27.09837pt.
[137


]
l2hSize :tex2html_wrap_indisplay2130:18.12836pt::18.12836pt::46.35501pt.
[138


]
l2hSize :tex2html_wrap_indisplay2134:11.4547pt::11.4547pt::7.28755pt.
[139


]
l2hSize :tex2html_wrap_indisplay2135:11.4547pt::11.4547pt::7.28755pt.
[140


]
l2hSize :tex2html_wrap_indisplay2138:9.89915pt::9.89915pt::5.05138pt.
[141


]
l2hSize :tex2html_wrap_indisplay2139:11.88805pt::11.88805pt::9.80144pt.
[142


]
l2hSize :tex2html_wrap_indisplay2142:17.90013pt::17.90013pt::10.6209pt.
[143


]
l2hSize :tex2html_wrap_indisplay2144:17.61809pt::17.61809pt::42.1121pt.
[144


]
l2hSize :tex2html_wrap_indisplay2147:17.90013pt::17.90013pt::10.6209pt.
[145


]
l2hSize :tex2html_wrap_indisplay2149:18.12836pt::18.12836pt::46.35501pt.
[146


]
l2hSize :tex2html_wrap_indisplay2150:17.90013pt::17.90013pt::10.6209pt.
[147


]
l2hSize :tex2html_wrap_indisplay2152:16.35141pt::16.35141pt::19.14012pt.
[148


]
l2hSize :tex2html_wrap_indisplay2154:17.90013pt::17.90013pt::10.6209pt.
[149


]
l2hSize :tex2html_wrap_indisplay2159:9.89915pt::9.89915pt::5.05138pt.
[150


]
l2hSize :tex2html_wrap_indisplay2160:11.88805pt::11.88805pt::9.80144pt.
[151


]
l2hSize :tex2html_wrap_indisplay2167:16.9514pt::16.9514pt::27.09837pt.
[152


]
l2hSize :tex2html_wrap_indisplay2174:16.9514pt::16.9514pt::27.09837pt.
[153


]
l2hSize :tex2html_wrap_indisplay2178:9.89915pt::9.89915pt::5.05138pt.
[154


]
l2hSize :tex2html_wrap_indisplay2179:11.88805pt::11.88805pt::9.80144pt.
[155


]
l2hSize :tex2html_wrap_indisplay2186:18.12836pt::18.12836pt::10.6209pt.
[156


]
l2hSize :tex2html_wrap_indisplay2187:16.35141pt::16.35141pt::35.49945pt.
[157


]
l2hSize :tex2html_wrap_indisplay2190:18.12836pt::18.12836pt::10.6209pt.
[158


]
l2hSize :tex2html_wrap_indisplay2195:17.90013pt::17.90013pt::10.6209pt.
[159


]
l2hSize :tex2html_wrap_indisplay2197:9.5pt::9.5pt::5.05138pt.
[160


]
l2hSize :tex2html_wrap_indisplay2198:11.48889pt::11.48889pt::9.80144pt.
[161


]
l2hSize :tex2html_wrap_indisplay2199:17.90013pt::17.90013pt::10.6209pt.
[162


]
l2hSize :tex2html_wrap_indisplay2208:17.90013pt::17.90013pt::10.6209pt.
[163


]
l2hSize :tex2html_wrap_indisplay2210:17.90013pt::17.90013pt::10.6209pt.
[164


]
l2hSize :tex2html_wrap_indisplay2215:10.70006pt::10.70006pt::7.28755pt.
[165


]
l2hSize :tex2html_wrap_indisplay2216:10.70006pt::10.70006pt::7.28755pt.
[166


]
l2hSize :tex2html_wrap_indisplay2217:10.70006pt::10.70006pt::7.28755pt.
[167


]
l2hSize :tex2html_wrap_indisplay2218:10.70006pt::10.70006pt::7.28755pt.
[168


] (./images.aux) ) 
Here is how much of TeX's memory you used:
 1504 strings out of 494924
 17837 string characters out of 6180767
 67315 words of memory out of 5000000
 4838 multiletter control sequences out of 15000+600000
 9213 words of font info for 35 fonts, out of 8000000 for 9000
 14 hyphenation exceptions out of 8191
 25i,9n,35p,1818b,208s stack positions out of 5000i,500n,10000p,200000b,80000s

Output written on images.dvi (168 pages, 39660 bytes).
